0 info it worked if it ends with ok
1 verbose cli [ '/usr/bin/node', '/usr/bin/npm', 'install', '-g', 'JSON' ]
2 info using npm@1.4.28
3 info using node@v0.10.37
4 verbose node symlink /usr/bin/node
5 verbose cache add [ 'JSON', null ]
6 verbose cache add name=undefined spec="JSON" args=["JSON",null]
7 verbose parsed url { protocol: null,
7 verbose parsed url   slashes: null,
7 verbose parsed url   auth: null,
7 verbose parsed url   host: null,
7 verbose parsed url   port: null,
7 verbose parsed url   hostname: null,
7 verbose parsed url   hash: null,
7 verbose parsed url   search: null,
7 verbose parsed url   query: null,
7 verbose parsed url   pathname: 'JSON',
7 verbose parsed url   path: 'JSON',
7 verbose parsed url   href: 'JSON' }
8 silly lockFile 031a4e76-JSON JSON
9 verbose lock JSON /home/ubuntu/.npm/031a4e76-JSON.lock
10 silly lockFile 031a4e76-JSON JSON
11 silly lockFile 031a4e76-JSON JSON
12 verbose addNamed [ 'JSON', '' ]
13 verbose addNamed [ null, '*' ]
14 silly lockFile 0cb090b0-JSON JSON@
15 verbose lock JSON@ /home/ubuntu/.npm/0cb090b0-JSON.lock
16 silly addNameRange { name: 'JSON', range: '*', hasData: false }
17 verbose registry.get https://registry.npmjs.org/JSON not expired, no request
18 silly addNameRange number 2 { name: 'JSON', range: '*', hasData: true }
19 silly addNameRange versions [ 'JSON', [ '1.0.0' ] ]
20 verbose addNamed [ 'JSON', '1.0.0' ]
21 verbose addNamed [ '1.0.0', '1.0.0' ]
22 silly lockFile a002c826-JSON-1-0-0 JSON@1.0.0
23 verbose lock JSON@1.0.0 /home/ubuntu/.npm/a002c826-JSON-1-0-0.lock
24 silly lockFile a002c826-JSON-1-0-0 JSON@1.0.0
25 silly lockFile a002c826-JSON-1-0-0 JSON@1.0.0
26 silly lockFile 0cb090b0-JSON JSON@
27 silly lockFile 0cb090b0-JSON JSON@
28 silly resolved [ { author:
28 silly resolved      { name: 'Douglas Crockford',
28 silly resolved        email: 'douglas@crockford.com',
28 silly resolved        url: 'http://crockford.com' },
28 silly resolved     contributors: [ [Object] ],
28 silly resolved     name: 'JSON',
28 silly resolved     description: 'Douglas Crockford\'s json2.js',
28 silly resolved     keywords: [ 'ender' ],
28 silly resolved     version: '1.0.0',
28 silly resolved     homepage: 'http://json.org',
28 silly resolved     repository: { url: 'git://github.com/douglascrockford/JSON-js.git' },
28 silly resolved     main: 'json2.js',
28 silly resolved     engines: { node: '>= 0.2.0' },
28 silly resolved     dependencies: {},
28 silly resolved     devDependencies: {},
28 silly resolved     _npmJsonOpts:
28 silly resolved      { file: '/Users/coolaj86/.npm/JSON/1.0.0/package/package.json',
28 silly resolved        wscript: false,
28 silly resolved        contributors: false,
28 silly resolved        serverjs: false },
28 silly resolved     _id: 'JSON@1.0.0',
28 silly resolved     _engineSupported: true,
28 silly resolved     _npmVersion: '1.0.22',
28 silly resolved     _nodeVersion: 'v0.4.8',
28 silly resolved     _defaultsLoaded: true,
28 silly resolved     dist:
28 silly resolved      { shasum: '8681531c28f8438a075589ff07248246ea960d8c',
28 silly resolved        tarball: 'http://registry.npmjs.org/JSON/-/JSON-1.0.0.tgz' },
28 silly resolved     scripts: {},
28 silly resolved     maintainers: [ [Object] ],
28 silly resolved     directories: {},
28 silly resolved     _shasum: '8681531c28f8438a075589ff07248246ea960d8c',
28 silly resolved     _from: 'JSON@',
28 silly resolved     _resolved: 'https://registry.npmjs.org/JSON/-/JSON-1.0.0.tgz',
28 silly resolved     bugs: { url: 'https://github.com/douglascrockford/JSON-js/issues' },
28 silly resolved     readme: 'ERROR: No README data found!' } ]
29 info install JSON@1.0.0 into /usr/lib
30 info installOne JSON@1.0.0
31 verbose lib/node_modules/JSON unbuild
32 verbose tar unpack /home/ubuntu/.npm/JSON/1.0.0/package.tgz
33 silly lockFile 84785eac-tar-usr-lib-node-modules-JSON tar:///usr/lib/node_modules/JSON
34 verbose lock tar:///usr/lib/node_modules/JSON /home/ubuntu/.npm/84785eac-tar-usr-lib-node-modules-JSON.lock
35 silly lockFile d54a7f98-buntu-npm-JSON-1-0-0-package-tgz tar:///home/ubuntu/.npm/JSON/1.0.0/package.tgz
36 verbose lock tar:///home/ubuntu/.npm/JSON/1.0.0/package.tgz /home/ubuntu/.npm/d54a7f98-buntu-npm-JSON-1-0-0-package-tgz.lock
37 silly gunzTarPerm modes [ '775', '664' ]
38 error Error: EACCES, mkdir '/usr/lib/node_modules/JSON'
38 error  { [Error: EACCES, mkdir '/usr/lib/node_modules/JSON']
38 error   errno: 3,
38 error   code: 'EACCES',
38 error   path: '/usr/lib/node_modules/JSON',
38 error   fstream_type: 'Directory',
38 error   fstream_path: '/usr/lib/node_modules/JSON',
38 error   fstream_class: 'DirWriter',
38 error   fstream_stack:
38 error    [ '/usr/lib/node_modules/npm/node_modules/fstream/lib/dir-writer.js:36:23',
38 error      '/usr/lib/node_modules/npm/node_modules/mkdirp/index.js:46:53',
38 error      'Object.oncomplete (fs.js:108:15)' ] }
39 error Please try running this command again as root/Administrator.
40 error System Linux 3.13.0-44-generic
41 error command "/usr/bin/node" "/usr/bin/npm" "install" "-g" "JSON"
42 error cwd /home/ubuntu/faceconv
43 error node -v v0.10.37
44 error npm -v 1.4.28
45 error path /usr/lib/node_modules/JSON
46 error fstream_path /usr/lib/node_modules/JSON
47 error fstream_type Directory
48 error fstream_class DirWriter
49 error code EACCES
50 error errno 3
51 error stack Error: EACCES, mkdir '/usr/lib/node_modules/JSON'
52 error fstream_stack /usr/lib/node_modules/npm/node_modules/fstream/lib/dir-writer.js:36:23
52 error fstream_stack /usr/lib/node_modules/npm/node_modules/mkdirp/index.js:46:53
52 error fstream_stack Object.oncomplete (fs.js:108:15)
53 verbose exit [ 3, true ]
